<?xml version="1.0" encoding="UTF-8"?>
<testng-results skipped="0" failed="0" ignored="0" total="1" passed="1">
  <reporter-output>
  </reporter-output>
  <suite name="Suite" duration-ms="39478" started-at="2023-10-02T12:41:18Z" finished-at="2023-10-02T12:41:58Z">
    <groups>
    </groups>
    <test name="Test" duration-ms="39478" started-at="2023-10-02T12:41:18Z" finished-at="2023-10-02T12:41:58Z">
      <class name="googleSearch.SearchPage">
        <test-method status="PASS" signature="openApplicaiton()[pri:0, instance:googleSearch.SearchPage@27082746]" name="openApplicaiton" duration-ms="39462" started-at="2023-10-02T18:11:18Z" finished-at="2023-10-02T18:11:58Z">
          <reporter-output>
          </reporter-output>
        </test-method> <!-- openApplicaiton -->
      </class> <!-- googleSearch.SearchPage -->
    </test> <!-- Test -->
  </suite> <!-- Suite -->
</testng-results>
